Arguments: 
  /usr/local/bin/node /usr/local/bin/yarn

PATH: 
  /usr/local/sbin:/usr/local/bin:/usr/sbin:/usr/bin:/sbin:/bin:/usr/games:/usr/local/games:/snap/bin:/snap/bin

Yarn version: 
  1.1.0

Node version: 
  8.4.0

Platform: 
  linux x64

npm manifest: 
  {
      name: "flashcard-app",
      version: "1.0.0",
      description: "",
      main: "index.js",
      scripts: {
      build: "watchify src/app.js -o public/bundle.js -t [ babelify --presets [ react es2015 ] ]",
      server: "cd public; live-server --port=1234 --entry-file=index.html"
      },
      keywords: [ ],
      author: "",
      license: "ISC",
      dependencies: {
        babel-preset-es2015: "^6.6.0",
        babel-preset-react: "^6.5.0",
        babelify: "^7.2.0",
        body-parser: "^1.15.0",
        express: "^4.13.4",
        fuzzysearch: "^1.0.3",
        live-server: "^0.9.2",
        react: "^15.0.0",
        react-dom: "^15.0.0",
        react-redux: "^4.4.1",
        react-router: "^2.0.1",
        react-router-redux: "^4.0.1",
        redux: "^3.3.1",
        redux-thunk: "^2.0.1",
        watchify: "^3.7.0"
      }
    }

yarn manifest: 
  No manifest

Lockfile: 
  No lockfile

Trace: 
  SyntaxError: /home/sabin/React-Intro/flashcard-app/package.json: Unexpected token n in JSON at position 6
      at JSON.parse (<anonymous>)
      at /usr/local/lib/node_modules/yarn/lib/cli.js:764:59
      at Generator.next (<anonymous>)
      at step (/usr/local/lib/node_modules/yarn/lib/cli.js:92:30)
      at /usr/local/lib/node_modules/yarn/lib/cli.js:103:13
      at <anonymous>
